{
  "RSpec": {
    "coverage": {
      "/home/cmiller8823/tic-tac-toe-rb-v-000/lib/tic_tac_toe.rb": [
        null,
        null,
        null,
        null,
        1,
        null,
        null,
        null,
        null,
        null,
        null,
        null,
        null,
        null,
        null,
        null,
        1,
        7,
        7,
        7,
        7,
        7,
        null,
        null,
        null,
        null,
        1,
        6,
        null,
        null,
        null,
        1,
        5,
        null,
        null,
        null,
        1,
        73,
        null,
        null,
        null,
        1,
        7,
        null,
        null,
        null,
        1,
        3,
        3,
        3,
        null,
        3,
        2,
        2,
        1,
        1,
        null,
        null,
        null,
        null,
        1,
        2,
        2,
        18,
        5,
        null,
        null,
        null,
        2,
        null,
        null,
        null,
        1,
        1,
        null,
        null,
        null,
        1,
        26,
        160,
        null,
        null,
        null,
        null,
        null,
        null,
        1,
        94,
        null,
        null,
        null,
        1,
        14,
        null,
        null,
        null,
        1,
        3,
        null,
        null,
        null,
        1,
        6,
        5,
        17,
        17,
        17,
        17,
        3,
        14,
        2,
        null,
        null,
        null,
        null,
        null,
        null,
        null,
        null,
        null,
        null,
        1,
        12,
        12,
        0,
        0,
        null,
        12,
        3,
        9,
        2,
        null,
        null,
        null,
        null
      ]
    },
    "timestamp": 1578195364
  }
}
