{
  "RSpec": {
    "coverage": {
      "/home/cmiller8823/tic-tac-toe-rb-v-000/lib/tic_tac_toe.rb": [
        null,
        null,
        null,
        null,
        1,
        null,
        null,
        null,
        null,
        null,
        null,
        null,
        null,
        null,
        null,
        null,
        1,
        5,
        5,
        5,
        5,
        5,
        null,
        null,
        null,
        null,
        1,
        8701,
        null,
        null,
        null,
        1,
        6,
        null,
        null,
        null,
        1,
        17404,
        null,
        null,
        null,
        1,
        17396,
        null,
        null,
        null,
        1,
        8699,
        8698,
        8698,
        null,
        8698,
        3,
        3,
        8695,
        8695,
        null,
        null,
        null,
        null,
        1,
        2,
        2,
        18,
        5,
        null,
        null,
        null,
        2,
        null,
        null,
        null,
        1,
        1,
        null,
        null,
        null,
        1,
        10,
        70,
        null,
        null,
        null,
        null,
        null,
        null,
        1,
        62,
        null,
        null,
        null,
        1,
        6,
        null,
        null,
        null,
        1,
        3,
        null,
        null,
        null,
        1,
        3,
        2,
        12,
        12,
        12,
        12,
        1,
        11,
        1,
        null,
        null,
        null,
        null,
        null,
        null,
        null,
        null,
        null,
        null,
        1,
        1,
        1,
        2,
        null,
        0,
        0,
        0,
        0,
        null,
        null,
        null,
        null
      ]
    },
    "timestamp": 1578194256
  }
}
